<?xml version="1.0" encoding="UTF-8"?>
<!-- Generated by org.testng.reporters.JUnitXMLReporter -->
<testsuite ignored="0" hostname="SrinivasBinary" failures="3" tests="3" name="CreateAccountTest" time="2.776" errors="0" timestamp="2023-03-27T22:29:59 IST">
  <testcase classname="pkg_tests.TC_CreateAccount" name="@AfterClass closeBrowser" time="0.001">
    <failure type="java.lang.NullPointerException" message="Cannot invoke &amp;quot;org.openqa.selenium.WebDriver.close()&amp;quot; because &amp;quot;pkg_tests.TC_CreateAccount.driver&amp;quot; is null">
      <![CDATA[java.lang.NullPointerException: Cannot invoke "org.openqa.selenium.WebDriver.close()" because "pkg_tests.TC_CreateAccount.driver" is null
at pkg_tests.TC_CreateAccount.closeBrowser(TC_CreateAccount.java:34)
at java.base/java.util.ArrayList.forEach(ArrayList.java:1511)
... Removed 25 stack frames]]>
    </failure>
  </testcase> <!-- @AfterClass closeBrowser -->
  <testcase classname="pkg_tests.TC_LoginClass" name="TC_LaunchApp" time="0.0">
    <failure type="org.testng.TestNGException" message="
Parameter &amp;apos;URL&amp;apos; is required by @Test on method TC_LaunchApp but has not been marked @Optional or defined
in E:\SeleniumProjects\UIBankPOMDemo\testng.xml">
      <![CDATA[org.testng.TestNGException: 
Parameter 'URL' is required by @Test on method TC_LaunchApp but has not been marked @Optional or defined
in E:\SeleniumProjects\UIBankPOMDemo\testng.xml
at java.base/java.util.ArrayList.forEach(ArrayList.java:1511)
... Removed 26 stack frames]]>
    </failure>
  </testcase> <!-- TC_LaunchApp -->
  <testcase classname="pkg_tests.TC_LoginClass" name="TC_login" time="0.0">
    <failure type="org.testng.TestNGException" message="
Parameter &amp;apos;uname&amp;apos; is required by @Test on method TC_login but has not been marked @Optional or defined
in E:\SeleniumProjects\UIBankPOMDemo\testng.xml">
      <![CDATA[org.testng.TestNGException: 
Parameter 'uname' is required by @Test on method TC_login but has not been marked @Optional or defined
in E:\SeleniumProjects\UIBankPOMDemo\testng.xml
at java.base/java.util.ArrayList.forEach(ArrayList.java:1511)
... Removed 26 stack frames]]>
    </failure>
  </testcase> <!-- TC_login -->
  <testcase classname="pkg_tests.TC_CreateAccount" name="createAccount" time="0.004">
    <failure type="java.lang.NullPointerException" message="Cannot invoke &amp;quot;org.openqa.selenium.WebDriver.findElement(org.openqa.selenium.By)&amp;quot; because &amp;quot;pkg_pageClasses.createAccountPage.driver&amp;quot; is null">
      <![CDATA[java.lang.NullPointerException: Cannot invoke "org.openqa.selenium.WebDriver.findElement(org.openqa.selenium.By)" because "pkg_pageClasses.createAccountPage.driver" is null
at pkg_pageClasses.createAccountPage.clickNewAccountButton(createAccountPage.java:29)
at pkg_pageClasses.createAccountPage.TC_ApplyAccountSaving(createAccountPage.java:65)
at pkg_tests.TC_CreateAccount.createAccount(TC_CreateAccount.java:19)
at java.base/java.util.ArrayList.forEach(ArrayList.java:1511)
... Removed 27 stack frames]]>
    </failure>
  </testcase> <!-- createAccount -->
</testsuite> <!-- CreateAccountTest -->
